2025-10-21 02:09:41,241 - INFO - Starting Orderbook Scheduler
2025-10-21 02:09:41,241 - INFO - Symbols: BTCUSDT, SOLUSDT, ETHUSDT, BNBUSDT
2025-10-21 02:09:41,241 - INFO - Duration per symbol: 120 seconds
2025-10-21 02:09:41,241 - INFO - Total cycle time: 480 seconds
2025-10-21 02:09:41,241 - INFO - Starting data collection cycle
2025-10-21 02:09:41,241 - INFO - Starting data collection for BTCUSDT
2025-10-21 02:09:56,019 - INFO - Received signal 15, shutting down...
2025-10-21 02:09:58,138 - INFO - Starting Orderbook Scheduler
2025-10-21 02:09:58,138 - INFO - Symbols: BTCUSDT, SOLUSDT, ETHUSDT, BNBUSDT
2025-10-21 02:09:58,138 - INFO - Duration per symbol: 120 seconds
2025-10-21 02:09:58,138 - INFO - Total cycle time: 480 seconds
2025-10-21 02:09:58,138 - INFO - Starting data collection cycle
2025-10-21 02:09:58,138 - INFO - Starting data collection for BTCUSDT
2025-10-21 02:11:58,140 - INFO - Stopping data collection for BTCUSDT
2025-10-21 02:11:58,144 - INFO - Completed data collection for BTCUSDT
2025-10-21 02:11:58,144 - INFO - Starting data collection for SOLUSDT
2025-10-21 02:13:58,153 - INFO - Stopping data collection for SOLUSDT
2025-10-21 02:13:58,157 - INFO - Completed data collection for SOLUSDT
2025-10-21 02:13:58,157 - INFO - Starting data collection for ETHUSDT
2025-10-21 02:15:58,166 - INFO - Stopping data collection for ETHUSDT
2025-10-21 02:15:58,170 - INFO - Completed data collection for ETHUSDT
2025-10-21 02:15:58,170 - INFO - Starting data collection for BNBUSDT
2025-10-21 02:17:58,179 - INFO - Stopping data collection for BNBUSDT
2025-10-21 02:17:58,190 - INFO - Completed data collection for BNBUSDT
2025-10-21 02:17:58,190 - INFO - Completed data collection cycle in 480.1 seconds
2025-10-21 02:17:58,191 - INFO - Starting data collection cycle
2025-10-21 02:17:58,191 - INFO - Starting data collection for BTCUSDT
2025-10-21 02:19:58,202 - INFO - Stopping data collection for BTCUSDT
2025-10-21 02:19:58,206 - INFO - Completed data collection for BTCUSDT
2025-10-21 02:19:58,206 - INFO - Starting data collection for SOLUSDT
2025-10-21 02:21:58,214 - INFO - Stopping data collection for SOLUSDT
2025-10-21 02:21:58,218 - INFO - Completed data collection for SOLUSDT
2025-10-21 02:21:58,218 - INFO - Starting data collection for ETHUSDT
2025-10-21 02:23:58,227 - INFO - Stopping data collection for ETHUSDT
2025-10-21 02:23:58,236 - INFO - Completed data collection for ETHUSDT
2025-10-21 02:23:58,237 - INFO - Starting data collection for BNBUSDT
2025-10-21 02:25:58,174 - INFO - Stopping data collection for BNBUSDT
2025-10-21 02:25:58,180 - INFO - Completed data collection for BNBUSDT
2025-10-21 02:25:58,181 - INFO - Completed data collection cycle in 480.0 seconds
